<?xml version="1.0" encoding="UTF-8"?>
<testsuite name="fr.univ_amu.iut.TestPaquet" tests="1" skipped="0" failures="0" errors="0" timestamp="2022-12-15T16:28:24" hostname="luca-pc" time="0.023">
  <properties/>
  <testcase name="trierParPv_test()" classname="fr.univ_amu.iut.TestPaquet" time="0.023"/>
  <system-out><![CDATA[]]></system-out>
  <system-err><![CDATA[]]></system-err>
</testsuite>
