<?xml version="1.0" encoding="UTF-8"?>
<testsuite name="fr.univ_amu.iut.TestApprovisionnementMagasin" tests="4" skipped="0" failures="0" errors="0" timestamp="2022-12-15T18:57:32" hostname="luca-pc" time="0.024">
  <properties/>
  <testcase name="testGetListeCommun()" classname="fr.univ_amu.iut.TestApprovisionnementMagasin" time="0.019"/>
  <testcase name="testGetListeLegendaire()" classname="fr.univ_amu.iut.TestApprovisionnementMagasin" time="0.001"/>
  <testcase name="testGetListeRare()" classname="fr.univ_amu.iut.TestApprovisionnementMagasin" time="0.001"/>
  <testcase name="testListeChampionsExistants()" classname="fr.univ_amu.iut.TestApprovisionnementMagasin" time="0.002"/>
  <system-out><![CDATA[]]></system-out>
  <system-err><![CDATA[]]></system-err>
</testsuite>
