<?xml version="1.0" encoding="UTF-8"?>
<testsuite name="fr.univ_amu.iut.TestJoueur" tests="1" skipped="0" failures="0" errors="0" timestamp="2022-12-15T18:09:35" hostname="luca-pc" time="0.0">
  <properties/>
  <testcase name="testAjouterAuPaquet()" classname="fr.univ_amu.iut.TestJoueur" time="0.0"/>
  <system-out><![CDATA[]]></system-out>
  <system-err><![CDATA[]]></system-err>
</testsuite>
