<?xml version="1.0" encoding="UTF-8"?>
<testsuite name="fr.univ_amu.iut.TestMagasin" tests="2" skipped="0" failures="0" errors="0" timestamp="2022-12-15T18:57:32" hostname="luca-pc" time="0.004">
  <properties/>
  <testcase name="testAchatException()" classname="fr.univ_amu.iut.TestMagasin" time="0.002"/>
  <testcase name="testConstructeur()" classname="fr.univ_amu.iut.TestMagasin" time="0.0"/>
  <system-out><![CDATA[]]></system-out>
  <system-err><![CDATA[]]></system-err>
</testsuite>
